<?xml version="1.0" encoding="UTF-8"?>
<!-- Generated by org.testng.reporters.JUnitReportReporter -->
<testsuite hostname="DESKTOP-MQ9KKGC" failures="0" tests="1" name="com.vtiger.contacts.Test.CreateContactsTest" time="26.773" errors="0" timestamp="2022-05-24T11:46:48 IST" skipped="0">
  <testcase classname="com.vtiger.contacts.Test.CreateContactsTest" name="createContactTest" time="26.773"/>
  <system-out/>
</testsuite> <!-- com.vtiger.contacts.Test.CreateContactsTest -->
