<?xml version="1.0" encoding="UTF-8"?>
<!-- Generated by org.testng.reporters.JUnitReportReporter -->
<testsuite hostname="DESKTOP-MQ9KKGC" failures="0" tests="1" name="com.vtiger.TestCase.ClickonContact_AlphabetsTest" time="19.628" errors="0" timestamp="2022-05-18T15:33:59 IST" skipped="0">
  <testcase classname="com.vtiger.TestCase.ClickonContact_AlphabetsTest" name="clickonContact_AlphabetsTest" time="19.628"/>
  <system-out/>
</testsuite> <!-- com.vtiger.TestCase.ClickonContact_AlphabetsTest -->
