<?xml version="1.0" encoding="UTF-8"?>
<!-- Generated by org.testng.reporters.JUnitReportReporter -->
<testsuite hostname="DESKTOP-MQ9KKGC" failures="0" tests="1" name="com.vtiger.practiceTest.CreateCampaignNamewithProductTest" time="42.522" errors="0" timestamp="2022-05-16T17:57:36 IST" skipped="0">
  <testcase classname="com.vtiger.practiceTest.CreateCampaignNamewithProductTest" name="createCampwithProductTest" time="42.522"/>
  <system-out/>
</testsuite> <!-- com.vtiger.practiceTest.CreateCampaignNamewithProductTest -->
