<?xml version="1.0" encoding="UTF-8"?>
<!-- Generated by org.testng.reporters.JUnitReportReporter -->
<testsuite hostname="DESKTOP-MQ9KKGC" failures="0" tests="1" name="com.vtiger.practiceTest.CampaignNameTest" time="28.915" errors="0" timestamp="2022-05-19T15:01:02 IST" skipped="0">
  <testcase classname="com.vtiger.practiceTest.CampaignNameTest" name="createCampaignTest" time="28.915"/>
  <system-out/>
</testsuite> <!-- com.vtiger.practiceTest.CampaignNameTest -->
