<?xml version="1.0" encoding="UTF-8"?>
<!-- Generated by org.testng.reporters.JUnitReportReporter -->
<testsuite hostname="DESKTOP-MQ9KKGC" failures="0" tests="1" name="com.vtiger.organization.Test.CreateOrganizationTest" time="41.210" errors="0" timestamp="2022-05-26T16:38:56 IST" skipped="0">
  <testcase classname="com.vtiger.organization.Test.CreateOrganizationTest" name="createOrganizationTest" time="41.210"/>
  <system-out/>
</testsuite> <!-- com.vtiger.organization.Test.CreateOrganizationTest -->
