<?xml version="1.0" encoding="UTF-8"?>
<!-- Generated by org.testng.reporters.JUnitReportReporter -->
<testsuite hostname="DESKTOP-MQ9KKGC" failures="0" tests="10" name="com.vtiger.practiceTest.TestNGParcticeExcelTest" time="0.044" errors="0" timestamp="2022-05-17T17:39:19 IST" skipped="0">
  <testcase classname="com.vtiger.practiceTest.TestNGParcticeExcelTest" name="practice1Test" time="0.011"/>
  <system-out>
    <![CDATA[Sindhu1-Sindhu1]]>
  </system-out>
  <testcase classname="com.vtiger.practiceTest.TestNGParcticeExcelTest" name="practice1Test" time="0.005"/>
  <system-out>
    <![CDATA[Sindhu6-Sindhu6]]>
  </system-out>
  <testcase classname="com.vtiger.practiceTest.TestNGParcticeExcelTest" name="practice1Test" time="0.002"/>
  <system-out>
    <![CDATA[Sindhu3-Sindhu3]]>
  </system-out>
  <testcase classname="com.vtiger.practiceTest.TestNGParcticeExcelTest" name="practice1Test" time="0.003"/>
  <system-out>
    <![CDATA[Sindhu4-Sindhu4]]>
  </system-out>
  <testcase classname="com.vtiger.practiceTest.TestNGParcticeExcelTest" name="practice1Test" time="0.003"/>
  <system-out>
    <![CDATA[Sindhu2-Sindhu2]]>
  </system-out>
  <testcase classname="com.vtiger.practiceTest.TestNGParcticeExcelTest" name="practice1Test" time="0.001"/>
  <system-out>
    <![CDATA[Sindhu10-Sindhu10]]>
  </system-out>
  <testcase classname="com.vtiger.practiceTest.TestNGParcticeExcelTest" name="practice1Test" time="0.005"/>
  <system-out>
    <![CDATA[Sindhu7-Sindhu7]]>
  </system-out>
  <testcase classname="com.vtiger.practiceTest.TestNGParcticeExcelTest" name="practice1Test" time="0.008"/>
  <system-out>
    <![CDATA[Sindhu9-Sindhu9]]>
  </system-out>
  <testcase classname="com.vtiger.practiceTest.TestNGParcticeExcelTest" name="practice1Test" time="0.003"/>
  <system-out>
    <![CDATA[Sindhu5-Sindhu5]]>
  </system-out>
  <testcase classname="com.vtiger.practiceTest.TestNGParcticeExcelTest" name="practice1Test" time="0.003"/>
  <system-out>
    <![CDATA[Sindhu8-Sindhu8]]>
  </system-out>
</testsuite> <!-- com.vtiger.practiceTest.TestNGParcticeExcelTest -->
