<?xml version="1.0" encoding="UTF-8"?>
<!-- Generated by org.testng.reporters.JUnitReportReporter -->
<testsuite hostname="DESKTOP-MQ9KKGC" failures="0" tests="1" name="com.vtiger.practiceTest.CreateContactsTest" time="28.514" errors="0" timestamp="2022-05-19T15:01:02 IST" skipped="0">
  <testcase classname="com.vtiger.practiceTest.CreateContactsTest" name="createContactsTest" time="28.514"/>
  <system-out/>
</testsuite> <!-- com.vtiger.practiceTest.CreateContactsTest -->
