<?xml version="1.0" encoding="UTF-8"?>
<!-- Generated by org.testng.reporters.JUnitReportReporter -->
<testsuite hostname="DESKTOP-MQ9KKGC" failures="0" tests="2" name="com.vtiger.practiceTest.PracticeTest" time="0.015" errors="0" timestamp="2022-05-19T13:20:04 IST" skipped="0">
  <testcase classname="com.vtiger.practiceTest.PracticeTest" name="practicetest" time="0.009"/>
  <system-out>
    <![CDATA[heyyyyyy]]>
  </system-out>
  <testcase classname="com.vtiger.practiceTest.PracticeTest" name="practicetest1" time="0.006"/>
  <system-out>
    <![CDATA[Byyeeee]]>
  </system-out>
</testsuite> <!-- com.vtiger.practiceTest.PracticeTest -->
