<?xml version="1.0" encoding="UTF-8"?>
<!-- Generated by org.testng.reporters.JUnitReportReporter -->
<testsuite skipped="0" hostname="DESKTOP-MQ9KKGC" name="com.vtiger.contacts.Test.CreateContactsTest" tests="1" failures="0" timestamp="26 May 2022 12:28:15 GMT" time="26.284" errors="0">
  <testcase name="createContactTest" time="26.284" classname="com.vtiger.contacts.Test.CreateContactsTest"/>
</testsuite> <!-- com.vtiger.contacts.Test.CreateContactsTest -->
